
Starting report CASHMEMO_bdr [Sun Feb 12 18:44:07 2017] ...
REP-0099: Report is aborted upon user request.
REP-0098: Report not run - user cancelled in the parameter form.
End report CASHMEMO_bdr [Sun Feb 12 18:44:30 2017].

Starting report CASHMEMO_bdr [Sun Feb 12 18:45:15 2017] ...
REP-0099: Report is aborted upon user request.
REP-0098: Report not run - user cancelled in the parameter form.
End report CASHMEMO_bdr [Sun Feb 12 18:45:21 2017].

Starting report barcode_many [Sun Feb 12 20:06:01 2017] ...
REP-0099: Report is aborted upon user request.
REP-0098: Report not run - user cancelled in the parameter form.
End report barcode_many [Sun Feb 12 20:06:19 2017].

Starting report item [Sun Feb 12 20:06:28 2017] ...
REP-0099: Report is aborted upon user request.
REP-0098: Report not run - user cancelled in the parameter form.
End report item [Sun Feb 12 20:06:51 2017].

Starting report wh_stock_check_cat [Sun Feb 12 20:07:30 2017] ...
REP-0099: Report is aborted upon user request.
REP-0098: Report not run - user cancelled in the parameter form.
End report wh_stock_check_cat [Sun Feb 12 20:07:47 2017].

Starting report total_stock_value [Sun Feb 12 20:07:56 2017] ...
End report total_stock_value [Sun Feb 12 20:08:19 2017].

Starting report total_stock_value [Sun Feb 12 20:12:52 2017] ...
End report total_stock_value [Sun Feb 12 20:18:30 2017].

Starting report putst [Sun Feb 12 20:18:45 2017] ...
End report putst [Sun Feb 12 20:19:45 2017].

Starting report profit [Sun Feb 12 20:30:57 2017] ...
REP-0099: Report is aborted upon user request.
REP-0098: Report not run - user cancelled in the parameter form.
End report profit [Sun Feb 12 20:31:10 2017].

Starting report BANK_TRANSACTION [Tue Feb 14 16:30:47 2017] ...
REP-0099: Report is aborted upon user request.
REP-0098: Report not run - user cancelled in the parameter form.
End report BANK_TRANSACTION [Tue Feb 14 16:30:56 2017].

Starting report barcode_R-24 [Tue Feb 14 17:01:13 2017] ...
REP-0099: Report is aborted upon user request.
REP-0098: Report not run - user cancelled in the parameter form.
End report barcode_R-24 [Tue Feb 14 17:01:22 2017].

Starting report barcode_R-24 [Tue Feb 14 17:01:24 2017] ...
End report barcode_R-24 [Tue Feb 14 17:09:32 2017].

Starting report barcode_R-10 [Tue Feb 14 17:09:34 2017] ...
End report barcode_R-10 [Tue Feb 14 17:10:01 2017].

Starting report barcode_R-10 [Tue Feb 14 17:10:01 2017] ...
REP-0099: Report is aborted upon user request.
REP-0098: Report not run - user cancelled in the parameter form.
End report barcode_R-10 [Tue Feb 14 17:10:09 2017].

Starting report barcode_R-10 [Tue Feb 14 17:10:09 2017] ...
REP-0099: Report is aborted upon user request.
REP-0098: Report not run - user cancelled in the parameter form.
End report barcode_R-10 [Tue Feb 14 17:10:12 2017].

Starting report barcode_R-10 [Tue Feb 14 17:10:13 2017] ...
End report barcode_R-10 [Tue Feb 14 17:10:17 2017].

Starting report barcode_R-10 [Tue Feb 14 17:10:19 2017] ...
End report barcode_R-10 [Tue Feb 14 17:10:35 2017].

Starting report barcode_R-20 [Tue Feb 14 17:12:30 2017] ...
End report barcode_R-20 [Tue Feb 14 17:13:10 2017].

Starting report barcode_R-36 [Tue Feb 14 17:13:21 2017] ...
End report barcode_R-36 [Tue Feb 14 17:18:54 2017].

Starting report expenditure [Thu Feb 16 16:05:43 2017] ...
REP-0099: Report is aborted upon user request.
REP-0098: Report not run - user cancelled in the parameter form.
End report expenditure [Thu Feb 16 16:05:54 2017].

Starting report acc_ledger [Sat Feb 18 10:52:00 2017] ...
End report acc_ledger [Sat Feb 18 10:52:39 2017].

Starting report chart_of_accounts [Sat Feb 18 10:52:43 2017] ...
End report chart_of_accounts [Sat Feb 18 10:52:49 2017].

Starting report chart_of_accounts [Sat Feb 18 10:52:53 2017] ...
End report chart_of_accounts [Sat Feb 18 10:53:00 2017].

Starting report Payable [Sat Feb 18 10:53:06 2017] ...
REP-0099: Report is aborted upon user request.
REP-0098: Report not run - user cancelled in the parameter form.
End report Payable [Sat Feb 18 10:53:12 2017].

Starting report barcode_R-6 [Sat Feb 18 11:01:39 2017] ...
End report barcode_R-6 [Sat Feb 18 11:02:05 2017].

Starting report barcode_R-10 [Sat Feb 18 11:03:56 2017] ...
End report barcode_R-10 [Sat Feb 18 11:04:03 2017].

Starting report item_details [Sat Feb 18 11:24:09 2017] ...
End report item_details [Sat Feb 18 11:24:25 2017].

Starting report total_stock_value [Sat Feb 18 11:24:36 2017] ...
End report total_stock_value [Sat Feb 18 11:24:51 2017].

Starting report stock_value_by_cat [Sat Feb 18 11:25:00 2017] ...
End report stock_value_by_cat [Sat Feb 18 11:25:18 2017].

Starting report daily_cash_st [Sat Feb 18 11:25:38 2017] ...
REP-0099: Report is aborted upon user request.
REP-0098: Report not run - user cancelled in the parameter form.
End report daily_cash_st [Sat Feb 18 11:25:48 2017].

Starting report sales [Sat Feb 18 11:25:55 2017] ...
REP-0099: Report is aborted upon user request.
REP-0098: Report not run - user cancelled in the parameter form.
End report sales [Sat Feb 18 11:26:08 2017].

Starting report customer [Sat Feb 18 11:26:32 2017] ...
End report customer [Sat Feb 18 11:26:36 2017].

Starting report supplier [Sat Feb 18 11:26:40 2017] ...
REP-0099: Report is aborted upon user request.
REP-0098: Report not run - user cancelled in the parameter form.
End report supplier [Sat Feb 18 11:26:49 2017].

Starting report chart_of_accounts [Sat Feb 18 11:26:55 2017] ...
End report chart_of_accounts [Sat Feb 18 11:27:51 2017].

Starting report Payable [Sat Feb 18 11:28:02 2017] ...
REP-0099: Report is aborted upon user request.
REP-0098: Report not run - user cancelled in the parameter form.
End report Payable [Sat Feb 18 11:28:08 2017].

Starting report recevable [Sat Feb 18 11:28:12 2017] ...
REP-0099: Report is aborted upon user request.
REP-0098: Report not run - user cancelled in the parameter form.
End report recevable [Sat Feb 18 11:28:16 2017].

Starting report expenditure [Sat Feb 18 11:29:04 2017] ...
REP-0099: Report is aborted upon user request.
REP-0098: Report not run - user cancelled in the parameter form.
End report expenditure [Sat Feb 18 11:29:08 2017].

Starting report expenditure [Sat Feb 18 11:29:35 2017] ...
End report expenditure [Sat Feb 18 11:30:04 2017].

Starting report acc_ledger [Sat Feb 18 11:30:10 2017] ...
REP-0099: Report is aborted upon user request.
REP-0098: Report not run - user cancelled in the parameter form.
End report acc_ledger [Sat Feb 18 11:30:24 2017].

Starting report BANK_TRANSACTION [Sat Feb 18 11:30:36 2017] ...
REP-0099: Report is aborted upon user request.
REP-0098: Report not run - user cancelled in the parameter form.
End report BANK_TRANSACTION [Sat Feb 18 11:30:39 2017].

Starting report BANK_TRANSACTION [Sat Feb 18 11:34:07 2017] ...
REP-0099: Report is aborted upon user request.
REP-0098: Report not run - user cancelled in the parameter form.
End report BANK_TRANSACTION [Sat Feb 18 11:34:11 2017].

Starting report BANK_TRANSACTION [Sat Feb 18 11:34:15 2017] ...
REP-0099: Report is aborted upon user request.
REP-0098: Report not run - user cancelled in the parameter form.
End report BANK_TRANSACTION [Sat Feb 18 11:35:17 2017].

Starting report acc_ledger [Sat Mar 04 17:44:22 2017] ...
End report acc_ledger [Sat Mar 04 17:58:06 2017].

Starting report chart_of_accounts [Sun Mar 05 10:53:32 2017] ...
End report chart_of_accounts [Sun Mar 05 10:54:27 2017].

Starting report Payable [Sun Mar 05 10:54:27 2017] ...
End report Payable [Sun Mar 05 10:54:53 2017].

Starting report CASHMEMO_bdr [Sun Mar 05 11:08:19 2017] ...
End report CASHMEMO_bdr [Sun Mar 05 11:08:25 2017].

Starting report CASHMEMO_bdr [Sun Mar 05 11:08:25 2017] ...
REP-0099: Report is aborted upon user request.
REP-0098: Report not run - user cancelled in the parameter form.
End report CASHMEMO_bdr [Sun Mar 05 11:11:05 2017].

Starting report chart_of_accounts [Sun Mar 05 11:11:05 2017] ...
End report chart_of_accounts [Sun Mar 05 11:11:12 2017].

Starting report acc_ledger [Sun Mar 05 11:11:20 2017] ...
REP-0099: Report is aborted upon user request.
REP-0098: Report not run - user cancelled in the parameter form.
End report acc_ledger [Sun Mar 05 11:11:33 2017].

Starting report chart_of_accounts [Sun Mar 05 11:11:38 2017] ...
End report chart_of_accounts [Sun Mar 05 11:11:54 2017].

Starting report acc_ledger [Sun Mar 05 11:11:59 2017] ...
End report acc_ledger [Sun Mar 05 11:12:53 2017].

Starting report acc_ledger [Sun Mar 05 11:14:04 2017] ...
End report acc_ledger [Sun Mar 05 11:19:03 2017].

Starting report acc_ledger [Sun Mar 05 11:19:03 2017] ...
End report acc_ledger [Sun Mar 05 11:19:42 2017].

Starting report chart_of_accounts [Sun Mar 05 11:19:48 2017] ...
End report chart_of_accounts [Sun Mar 05 11:19:50 2017].

Starting report acc_ledger [Sun Mar 05 11:19:56 2017] ...
End report acc_ledger [Sun Mar 05 11:20:24 2017].

Starting report chart_of_accounts [Sun Mar 05 11:20:33 2017] ...
End report chart_of_accounts [Sun Mar 05 11:20:42 2017].

Starting report acc_ledger [Sun Mar 05 11:20:50 2017] ...
End report acc_ledger [Sun Mar 05 11:21:16 2017].

Starting report acc_ledger [Sun Mar 05 11:22:55 2017] ...
End report acc_ledger [Sun Mar 05 11:23:17 2017].

Starting report acc_ledger [Sun Mar 05 11:23:31 2017] ...
End report acc_ledger [Sun Mar 05 11:23:56 2017].

Starting report acc_ledger [Sun Mar 05 11:24:00 2017] ...
End report acc_ledger [Sun Mar 05 11:24:23 2017].

Starting report acc_ledger [Sun Mar 05 11:24:49 2017] ...
End report acc_ledger [Sun Mar 05 11:25:15 2017].

Starting report chart_of_accounts [Sun Mar 05 11:25:21 2017] ...
End report chart_of_accounts [Sun Mar 05 11:25:26 2017].

Starting report acc_ledger [Sun Mar 05 11:25:39 2017] ...
End report acc_ledger [Sun Mar 05 11:26:10 2017].

Starting report acc_ledger [Sun Mar 05 11:26:17 2017] ...
REP-0099: Report is aborted upon user request.
REP-0098: Report not run - user cancelled in the parameter form.
End report acc_ledger [Sun Mar 05 11:26:54 2017].

Starting report chart_of_accounts [Sun Mar 05 11:28:06 2017] ...
End report chart_of_accounts [Sun Mar 05 11:28:14 2017].

Starting report acc_ledger [Sun Mar 05 11:28:18 2017] ...
End report acc_ledger [Sun Mar 05 11:29:20 2017].

Starting report acc_ledger [Sun Mar 05 11:29:30 2017] ...
End report acc_ledger [Sun Mar 05 11:29:59 2017].

Starting report profit [Sun Mar 05 11:30:09 2017] ...
End report profit [Sun Mar 05 11:33:16 2017].

Starting report CASHMEMO_bdr [Sun Mar 05 11:33:16 2017] ...
End report CASHMEMO_bdr [Sun Mar 05 11:33:39 2017].

Starting report profit [Sun Mar 05 11:33:58 2017] ...
End report profit [Sun Mar 05 11:35:49 2017].

Starting report chart_of_accounts [Sun Mar 05 11:39:21 2017] ...
End report chart_of_accounts [Sun Mar 05 11:39:29 2017].

Starting report acc_ledger [Sun Mar 05 11:39:35 2017] ...
REP-0099: Report is aborted upon user request.
REP-0098: Report not run - user cancelled in the parameter form.
End report acc_ledger [Sun Mar 05 11:39:39 2017].

Starting report acc_ledger [Sun Mar 05 11:40:20 2017] ...
REP-0099: Report is aborted upon user request.
REP-0098: Report not run - user cancelled in the parameter form.
End report acc_ledger [Sun Mar 05 11:40:52 2017].

Starting report acc_ledger [Sun Mar 05 11:40:59 2017] ...
End report acc_ledger [Sun Mar 05 11:41:25 2017].

Starting report CASHMEMO_bdr [Sun Mar 05 12:46:48 2017] ...
End report CASHMEMO_bdr [Sun Mar 05 12:47:06 2017].

Starting report acc_ledger [Sun Mar 05 13:10:08 2017] ...
End report acc_ledger [Sun Mar 05 13:13:26 2017].

Starting report acc_ledger [Sun Mar 05 13:13:35 2017] ...
End report acc_ledger [Sun Mar 05 13:13:47 2017].

Starting report BANK_TRANSACTION [Sun Mar 05 16:27:06 2017] ...
ORA-01861: literal does not match format string
WHERE V_DATE BETWEEN : ==> P_DATE1 AND :P_DATE2 
REP-0594: No report output generated.
End report BANK_TRANSACTION [Sun Mar 05 16:27:42 2017].

Starting report BANK_TRANSACTION [Sun Mar 05 16:29:34 2017] ...
REP-0612: Invalid date mask.
ORA-01847: day of month must be between 1 and last day of month

End report BANK_TRANSACTION [Sun Mar 05 16:29:46 2017].

Starting report BANK_TRANSACTION [Sun Mar 05 16:35:26 2017] ...
End report BANK_TRANSACTION [Sun Mar 05 16:35:39 2017].

Starting report profit [Sun Mar 05 17:11:07 2017] ...
End report profit [Sun Mar 05 17:12:10 2017].

Starting report barcode_R-2 [Mon Mar 06 11:32:37 2017] ...
End report barcode_R-2 [Mon Mar 06 11:39:08 2017].

Starting report barcode_R-4 [Mon Mar 06 11:39:09 2017] ...
End report barcode_R-4 [Mon Mar 06 12:12:24 2017].

Starting report CASHMEMO_bdr [Tue Mar 07 09:57:03 2017] ...
REP-0788: Warning: The value of restricted LOV parameter SO_NO is not among the selectable values.
End report CASHMEMO_bdr [Tue Mar 07 09:57:26 2017].

Starting report CASHMEMO_bdr [Tue Mar 07 10:11:51 2017] ...
REP-0099: Report is aborted upon user request.
REP-0098: Report not run - user cancelled in the parameter form.
End report CASHMEMO_bdr [Tue Mar 07 10:11:54 2017].

Starting report CASHMEMO_bdr [Tue Mar 07 10:24:34 2017] ...
End report CASHMEMO_bdr [Tue Mar 07 10:24:53 2017].

Starting report CASHMEMO_bdr [Tue Mar 07 10:30:25 2017] ...
End report CASHMEMO_bdr [Tue Mar 07 10:30:28 2017].

Starting report CASHMEMO_bdr [Tue Mar 07 10:32:29 2017] ...
End report CASHMEMO_bdr [Tue Mar 07 10:32:42 2017].

Starting report BANK_TRANSACTION [Tue Mar 07 10:32:57 2017] ...
End report BANK_TRANSACTION [Tue Mar 07 10:33:14 2017].

Starting report BANK_TRANSACTION [Tue Mar 07 10:33:21 2017] ...
End report BANK_TRANSACTION [Tue Mar 07 10:33:39 2017].

Starting report BANK_TRANSACTION [Tue Mar 07 10:33:44 2017] ...
End report BANK_TRANSACTION [Tue Mar 07 10:34:14 2017].

Starting report BANK_TRANSACTION [Tue Mar 07 10:37:12 2017] ...
End report BANK_TRANSACTION [Tue Mar 07 10:38:37 2017].

Starting report BANK_TRANSACTION [Tue Mar 07 10:38:45 2017] ...
REP-0613: Value does not match mask 'DD-MM-RR'.
ORA-01861: literal does not match format string

REP-0546: Invalid parameter input.
End report BANK_TRANSACTION [Tue Mar 07 10:48:32 2017].

Starting report CASHMEMO_bdr [Tue Mar 07 13:09:24 2017] ...
REP-0099: Report is aborted upon user request.
REP-0098: Report not run - user cancelled in the parameter form.
End report CASHMEMO_bdr [Tue Mar 07 13:09:43 2017].

Starting report income [Tue Mar 07 20:51:47 2017] ...
End report income [Tue Mar 07 20:53:04 2017].

Starting report DAMAGE_PRODUET [Tue Mar 07 20:53:13 2017] ...
End report DAMAGE_PRODUET [Tue Mar 07 20:53:46 2017].

Starting report barcode_R-3 [Sun Mar 12 21:11:14 2017] ...
End report barcode_R-3 [Sun Mar 12 21:13:06 2017].

Starting report barcode_R-8 [Sun Mar 12 21:13:35 2017] ...
End report barcode_R-8 [Sun Mar 12 21:14:09 2017].

Starting report barcode_R-3 [Wed Mar 15 16:23:47 2017] ...
End report barcode_R-3 [Wed Mar 15 16:24:04 2017].

Starting report barcode_R-3 [Wed Mar 15 16:24:07 2017] ...
End report barcode_R-3 [Wed Mar 15 16:24:28 2017].

Starting report barcode3 [Wed Mar 15 16:24:34 2017] ...
End report barcode3 [Wed Mar 15 16:24:38 2017].

Starting report barcode_R-3 [Wed Mar 15 16:25:11 2017] ...
End report barcode_R-3 [Wed Mar 15 16:25:21 2017].

Starting report barcode_R-4 [Wed Mar 15 16:26:52 2017] ...
End report barcode_R-4 [Wed Mar 15 16:27:01 2017].

Starting report barcode_R-4 [Wed Mar 15 17:40:24 2017] ...
End report barcode_R-4 [Wed Mar 15 17:40:31 2017].

Starting report barcode_R-3 [Wed Mar 15 17:41:48 2017] ...
REP-0099: Report is aborted upon user request.
REP-0098: Report not run - user cancelled in the parameter form.
End report barcode_R-3 [Wed Mar 15 17:41:54 2017].

Starting report barcode_R-3 [Wed Mar 15 17:42:01 2017] ...
End report barcode_R-3 [Wed Mar 15 17:42:05 2017].

Starting report barcode_R-10 [Wed Mar 15 17:50:25 2017] ...
End report barcode_R-10 [Wed Mar 15 17:50:50 2017].

Starting report barcode_R-8 [Wed Mar 15 18:02:08 2017] ...
End report barcode_R-8 [Wed Mar 15 18:02:24 2017].

Starting report barcode_R-8 [Wed Mar 15 18:16:34 2017] ...
End report barcode_R-8 [Wed Mar 15 18:17:33 2017].

Starting report barcode_R-4 [Wed Mar 15 18:37:44 2017] ...
REP-3002: Error initializing printer.  Please make sure a printer is installed.

REP-3002: Error initializing printer.  Please make sure a printer is installed.

REP-3002: Error initializing printer.  Please make sure a printer is installed.

REP-3002: Error initializing printer.  Please make sure a printer is installed.

REP-3002: Error initializing printer.  Please make sure a printer is installed.
REP-3002: Error initializing printer.  Please make sure a printer is installed.

REP-3002: Error initializing printer.  Please make sure a printer is installed.
REP-3002: Error initializing printer.  Please make sure a printer is installed.
End report barcode_R-4 [Wed Mar 15 18:39:18 2017].

Starting report barcode_R-4 [Wed Mar 15 18:39:18 2017] ...
REP-3002: Error initializing printer.  Please make sure a printer is installed.
REP-3002: Error initializing printer.  Please make sure a printer is installed.

End report barcode_R-4 [Wed Mar 15 18:39:44 2017].

Starting report barcode_R-3 [Wed Mar 15 18:49:29 2017] ...
REP-3002: Error initializing printer.  Please make sure a printer is installed.

End report barcode_R-3 [Wed Mar 15 18:49:59 2017].

Starting report CASHMEMO_bdr [Mon Mar 20 18:02:24 2017] ...
REP-3002: Error initializing printer.  Please make sure a printer is installed.

REP-3002: Error initializing printer.  Please make sure a printer is installed.
End report CASHMEMO_bdr [Mon Mar 20 18:02:38 2017].

Starting report CASHMEMO_bdr [Mon Mar 20 18:05:06 2017] ...
REP-3002: Error initializing printer.  Please make sure a printer is installed.

REP-3002: Error initializing printer.  Please make sure a printer is installed.
End report CASHMEMO_bdr [Mon Mar 20 19:16:51 2017].

Starting report barcode_R-2 [Wed May 17 21:21:11 2017] ...
End report barcode_R-2 [Wed May 17 21:21:22 2017].

Starting report barcode_R-4 [Wed May 17 21:59:16 2017] ...
End report barcode_R-4 [Wed May 17 21:59:30 2017].

Starting report barcode_R-4 [Wed May 17 21:59:30 2017] ...
REP-0099: Report is aborted upon user request.
REP-0098: Report not run - user cancelled in the parameter form.
End report barcode_R-4 [Wed May 17 21:59:41 2017].

Starting report item_details [Thu May 18 00:06:17 2017] ...
End report item_details [Thu May 18 00:06:30 2017].

Starting report daily_cash_st [Thu May 18 00:06:36 2017] ...
REP-0099: Report is aborted upon user request.
REP-0098: Report not run - user cancelled in the parameter form.
End report daily_cash_st [Thu May 18 00:06:46 2017].

Starting report total_stock_value [Thu May 18 00:06:50 2017] ...
End report total_stock_value [Thu May 18 00:06:51 2017].

Starting report stock_value_by_cat [Thu May 18 00:06:55 2017] ...
End report stock_value_by_cat [Thu May 18 00:06:58 2017].

Starting report daily_cash_st [Thu May 18 00:07:03 2017] ...
REP-0099: Report is aborted upon user request.
REP-0098: Report not run - user cancelled in the parameter form.
End report daily_cash_st [Thu May 18 00:07:32 2017].

Starting report daily_cash_st [Tue May 16 13:46:00 2017] ...
REP-0613: Value does not match mask 'DD-MM-RR'.
ORA-01847: day of month must be between 1 and last day of month

REP-0546: Invalid parameter input.
End report daily_cash_st [Tue May 16 13:46:52 2017].

Starting report sales [Tue May 16 13:46:57 2017] ...
End report sales [Tue May 16 13:47:01 2017].

Starting report sales_return_details [Tue May 16 13:47:08 2017] ...
REP-0099: Report is aborted upon user request.
REP-0098: Report not run - user cancelled in the parameter form.
End report sales_return_details [Tue May 16 13:47:11 2017].

Starting report profit [Tue May 16 13:47:21 2017] ...
REP-0099: Report is aborted upon user request.
REP-0098: Report not run - user cancelled in the parameter form.
End report profit [Tue May 16 13:47:25 2017].
